{"/Users/macbookpro/Desktop/KanjiApp/test/test.js":{"path":"/Users/macbookpro/Desktop/KanjiApp/test/test.js","s":{"1":1,"2":1,"3":1,"4":1,"5":1,"6":1,"7":1,"8":1,"9":1,"10":1,"11":1,"12":1,"13":1,"14":1,"15":1,"16":1,"17":1,"18":0,"19":1,"20":0,"21":1,"22":0,"23":0,"24":0,"25":1,"26":0,"27":1,"28":0,"29":0,"30":0,"31":0,"32":1,"33":0,"34":0,"35":0,"36":1,"37":1,"38":1,"39":1,"40":0,"41":0,"42":0,"43":0,"44":0,"45":0,"46":0,"47":0,"48":0,"49":0,"50":0,"51":0,"52":0,"53":0,"54":0,"55":0,"56":0,"57":0,"58":0,"59":0,"60":0,"61":0,"62":0,"63":0,"64":0,"65":0,"66":0,"67":0,"68":0,"69":0,"70":0,"71":0,"72":0,"73":0,"74":0,"75":0,"76":0,"77":0,"78":0,"79":0,"80":0,"81":0,"82":0,"83":0},"b":{"1":[0,0]},"f":{"1":1,"2":0,"3":0,"4":0,"5":0,"6":0,"7":0,"8":0,"9":0,"10":1,"11":0,"12":0,"13":0,"14":0,"15":0,"16":0,"17":0,"18":0,"19":0,"20":0,"21":0,"22":0,"23":0,"24":0,"25":0,"26":0,"27":0},"fnMap":{"1":{"name":"(anonymous_1)","line":37,"loc":{"start":{"line":37,"column":21},"end":{"line":37,"column":35}}},"2":{"name":"(anonymous_2)","line":41,"loc":{"start":{"line":41,"column":27},"end":{"line":41,"column":41}}},"3":{"name":"(anonymous_3)","line":45,"loc":{"start":{"line":45,"column":20},"end":{"line":45,"column":41}}},"4":{"name":"(anonymous_4)","line":49,"loc":{"start":{"line":49,"column":20},"end":{"line":49,"column":35}}},"5":{"name":"(anonymous_5)","line":58,"loc":{"start":{"line":58,"column":19},"end":{"line":58,"column":34}}},"6":{"name":"(anonymous_6)","line":62,"loc":{"start":{"line":62,"column":12},"end":{"line":62,"column":43}}},"7":{"name":"(anonymous_7)","line":89,"loc":{"start":{"line":89,"column":16},"end":{"line":89,"column":31}}},"8":{"name":"(anonymous_8)","line":90,"loc":{"start":{"line":90,"column":23},"end":{"line":91,"column":23}}},"9":{"name":"(anonymous_9)","line":92,"loc":{"start":{"line":92,"column":38},"end":{"line":92,"column":49}}},"10":{"name":"(anonymous_10)","line":97,"loc":{"start":{"line":97,"column":37},"end":{"line":97,"column":48}}},"11":{"name":"(anonymous_11)","line":113,"loc":{"start":{"line":113,"column":16},"end":{"line":113,"column":26}}},"12":{"name":"(anonymous_12)","line":115,"loc":{"start":{"line":115,"column":7},"end":{"line":115,"column":17}}},"13":{"name":"(anonymous_13)","line":120,"loc":{"start":{"line":120,"column":20},"end":{"line":120,"column":30}}},"14":{"name":"(anonymous_14)","line":122,"loc":{"start":{"line":122,"column":7},"end":{"line":122,"column":17}}},"15":{"name":"(anonymous_15)","line":127,"loc":{"start":{"line":127,"column":24},"end":{"line":127,"column":34}}},"16":{"name":"(anonymous_16)","line":129,"loc":{"start":{"line":129,"column":7},"end":{"line":129,"column":17}}},"17":{"name":"(anonymous_17)","line":134,"loc":{"start":{"line":134,"column":24},"end":{"line":134,"column":34}}},"18":{"name":"(anonymous_18)","line":136,"loc":{"start":{"line":136,"column":7},"end":{"line":136,"column":17}}},"19":{"name":"(anonymous_19)","line":141,"loc":{"start":{"line":141,"column":30},"end":{"line":141,"column":40}}},"20":{"name":"(anonymous_20)","line":143,"loc":{"start":{"line":143,"column":7},"end":{"line":143,"column":21}}},"21":{"name":"(anonymous_21)","line":153,"loc":{"start":{"line":153,"column":22},"end":{"line":153,"column":33}}},"22":{"name":"(anonymous_22)","line":161,"loc":{"start":{"line":161,"column":30},"end":{"line":161,"column":40}}},"23":{"name":"(anonymous_23)","line":163,"loc":{"start":{"line":163,"column":7},"end":{"line":163,"column":21}}},"24":{"name":"(anonymous_24)","line":173,"loc":{"start":{"line":173,"column":22},"end":{"line":173,"column":33}}},"25":{"name":"(anonymous_25)","line":181,"loc":{"start":{"line":181,"column":30},"end":{"line":181,"column":40}}},"26":{"name":"(anonymous_26)","line":183,"loc":{"start":{"line":183,"column":7},"end":{"line":183,"column":21}}},"27":{"name":"(anonymous_27)","line":193,"loc":{"start":{"line":193,"column":22},"end":{"line":193,"column":33}}}},"statementMap":{"1":{"start":{"line":1,"column":0},"end":{"line":1,"column":38}},"2":{"start":{"line":2,"column":0},"end":{"line":2,"column":32}},"3":{"start":{"line":3,"column":0},"end":{"line":3,"column":38}},"4":{"start":{"line":4,"column":0},"end":{"line":4,"column":28}},"5":{"start":{"line":7,"column":0},"end":{"line":7,"column":30}},"6":{"start":{"line":8,"column":0},"end":{"line":8,"column":52}},"7":{"start":{"line":10,"column":0},"end":{"line":10,"column":24}},"8":{"start":{"line":11,"column":0},"end":{"line":11,"column":37}},"9":{"start":{"line":12,"column":0},"end":{"line":12,"column":17}},"10":{"start":{"line":13,"column":0},"end":{"line":13,"column":19}},"11":{"start":{"line":14,"column":0},"end":{"line":14,"column":24}},"12":{"start":{"line":17,"column":0},"end":{"line":20,"column":56}},"13":{"start":{"line":23,"column":0},"end":{"line":33,"column":2}},"14":{"start":{"line":35,"column":0},"end":{"line":35,"column":13}},"15":{"start":{"line":37,"column":0},"end":{"line":39,"column":1}},"16":{"start":{"line":38,"column":4},"end":{"line":38,"column":9}},"17":{"start":{"line":41,"column":0},"end":{"line":43,"column":1}},"18":{"start":{"line":42,"column":4},"end":{"line":42,"column":26}},"19":{"start":{"line":45,"column":0},"end":{"line":47,"column":1}},"20":{"start":{"line":46,"column":4},"end":{"line":46,"column":16}},"21":{"start":{"line":49,"column":0},"end":{"line":56,"column":1}},"22":{"start":{"line":50,"column":4},"end":{"line":55,"column":5}},"23":{"start":{"line":52,"column":8},"end":{"line":52,"column":21}},"24":{"start":{"line":54,"column":8},"end":{"line":54,"column":20}},"25":{"start":{"line":58,"column":0},"end":{"line":60,"column":1}},"26":{"start":{"line":59,"column":4},"end":{"line":59,"column":16}},"27":{"start":{"line":62,"column":0},"end":{"line":87,"column":1}},"28":{"start":{"line":63,"column":4},"end":{"line":76,"column":5}},"29":{"start":{"line":78,"column":4},"end":{"line":85,"column":5}},"30":{"start":{"line":79,"column":8},"end":{"line":84,"column":16}},"31":{"start":{"line":86,"column":4},"end":{"line":86,"column":17}},"32":{"start":{"line":89,"column":0},"end":{"line":94,"column":1}},"33":{"start":{"line":90,"column":4},"end":{"line":93,"column":26}},"34":{"start":{"line":92,"column":27},"end":{"line":92,"column":114}},"35":{"start":{"line":92,"column":50},"end":{"line":92,"column":108}},"36":{"start":{"line":97,"column":0},"end":{"line":99,"column":1}},"37":{"start":{"line":98,"column":4},"end":{"line":98,"column":39}},"38":{"start":{"line":103,"column":0},"end":{"line":111,"column":3}},"39":{"start":{"line":113,"column":0},"end":{"line":118,"column":3}},"40":{"start":{"line":114,"column":4},"end":{"line":117,"column":10}},"41":{"start":{"line":116,"column":11},"end":{"line":116,"column":32}},"42":{"start":{"line":120,"column":0},"end":{"line":125,"column":3}},"43":{"start":{"line":121,"column":4},"end":{"line":124,"column":10}},"44":{"start":{"line":123,"column":11},"end":{"line":123,"column":58}},"45":{"start":{"line":127,"column":0},"end":{"line":132,"column":3}},"46":{"start":{"line":128,"column":4},"end":{"line":131,"column":10}},"47":{"start":{"line":130,"column":11},"end":{"line":130,"column":68}},"48":{"start":{"line":134,"column":0},"end":{"line":139,"column":3}},"49":{"start":{"line":135,"column":4},"end":{"line":138,"column":10}},"50":{"start":{"line":137,"column":11},"end":{"line":137,"column":64}},"51":{"start":{"line":141,"column":0},"end":{"line":158,"column":3}},"52":{"start":{"line":142,"column":4},"end":{"line":157,"column":10}},"53":{"start":{"line":144,"column":11},"end":{"line":144,"column":20}},"54":{"start":{"line":145,"column":11},"end":{"line":152,"column":41}},"55":{"start":{"line":146,"column":42},"end":{"line":146,"column":47}},"56":{"start":{"line":148,"column":33},"end":{"line":149,"column":47}},"57":{"start":{"line":149,"column":40},"end":{"line":149,"column":44}},"58":{"start":{"line":153,"column":11},"end":{"line":156,"column":29}},"59":{"start":{"line":154,"column":15},"end":{"line":154,"column":81}},"60":{"start":{"line":155,"column":15},"end":{"line":155,"column":78}},"61":{"start":{"line":156,"column":15},"end":{"line":156,"column":22}},"62":{"start":{"line":161,"column":0},"end":{"line":178,"column":3}},"63":{"start":{"line":162,"column":4},"end":{"line":177,"column":10}},"64":{"start":{"line":164,"column":11},"end":{"line":164,"column":20}},"65":{"start":{"line":165,"column":11},"end":{"line":172,"column":41}},"66":{"start":{"line":166,"column":42},"end":{"line":166,"column":47}},"67":{"start":{"line":168,"column":33},"end":{"line":169,"column":47}},"68":{"start":{"line":169,"column":40},"end":{"line":169,"column":44}},"69":{"start":{"line":173,"column":11},"end":{"line":176,"column":29}},"70":{"start":{"line":174,"column":15},"end":{"line":174,"column":81}},"71":{"start":{"line":175,"column":15},"end":{"line":175,"column":78}},"72":{"start":{"line":176,"column":15},"end":{"line":176,"column":22}},"73":{"start":{"line":181,"column":0},"end":{"line":198,"column":3}},"74":{"start":{"line":182,"column":4},"end":{"line":197,"column":10}},"75":{"start":{"line":184,"column":11},"end":{"line":184,"column":20}},"76":{"start":{"line":185,"column":11},"end":{"line":192,"column":41}},"77":{"start":{"line":186,"column":42},"end":{"line":186,"column":47}},"78":{"start":{"line":188,"column":33},"end":{"line":189,"column":47}},"79":{"start":{"line":189,"column":40},"end":{"line":189,"column":44}},"80":{"start":{"line":193,"column":11},"end":{"line":196,"column":29}},"81":{"start":{"line":194,"column":15},"end":{"line":194,"column":81}},"82":{"start":{"line":195,"column":15},"end":{"line":195,"column":78}},"83":{"start":{"line":196,"column":15},"end":{"line":196,"column":22}}},"branchMap":{"1":{"line":50,"type":"switch","locations":[{"start":{"line":51,"column":4},"end":{"line":52,"column":21}},{"start":{"line":53,"column":4},"end":{"line":54,"column":20}}]}}}}