TN:
SF:/Users/macbookpro/Desktop/KanjiApp/test/test.js
FN:37,(anonymous_1)
FN:41,(anonymous_2)
FN:45,(anonymous_3)
FN:49,(anonymous_4)
FN:58,(anonymous_5)
FN:62,(anonymous_6)
FN:89,(anonymous_7)
FN:90,(anonymous_8)
FN:92,(anonymous_9)
FN:97,(anonymous_10)
FN:113,(anonymous_11)
FN:115,(anonymous_12)
FN:120,(anonymous_13)
FN:122,(anonymous_14)
FN:127,(anonymous_15)
FN:129,(anonymous_16)
FN:134,(anonymous_17)
FN:136,(anonymous_18)
FN:141,(anonymous_19)
FN:143,(anonymous_20)
FN:153,(anonymous_21)
FN:161,(anonymous_22)
FN:163,(anonymous_23)
FN:173,(anonymous_24)
FN:181,(anonymous_25)
FN:183,(anonymous_26)
FN:193,(anonymous_27)
FNF:27
FNH:2
FNDA:1,(anonymous_1)
FNDA:0,(anonymous_2)
FNDA:0,(anonymous_3)
FNDA:0,(anonymous_4)
FNDA:0,(anonymous_5)
FNDA:0,(anonymous_6)
FNDA:0,(anonymous_7)
FNDA:0,(anonymous_8)
FNDA:0,(anonymous_9)
FNDA:1,(anonymous_10)
FNDA:0,(anonymous_11)
FNDA:0,(anonymous_12)
FNDA:0,(anonymous_13)
FNDA:0,(anonymous_14)
FNDA:0,(anonymous_15)
FNDA:0,(anonymous_16)
FNDA:0,(anonymous_17)
FNDA:0,(anonymous_18)
FNDA:0,(anonymous_19)
FNDA:0,(anonymous_20)
FNDA:0,(anonymous_21)
FNDA:0,(anonymous_22)
FNDA:0,(anonymous_23)
FNDA:0,(anonymous_24)
FNDA:0,(anonymous_25)
FNDA:0,(anonymous_26)
FNDA:0,(anonymous_27)
DA:1,1
DA:2,1
DA:3,1
DA:4,1
DA:7,1
DA:8,1
DA:10,1
DA:11,1
DA:12,1
DA:13,1
DA:14,1
DA:17,1
DA:23,1
DA:35,1
DA:37,1
DA:38,1
DA:41,1
DA:42,0
DA:45,1
DA:46,0
DA:49,1
DA:50,0
DA:52,0
DA:54,0
DA:58,1
DA:59,0
DA:62,1
DA:63,0
DA:78,0
DA:79,0
DA:86,0
DA:89,1
DA:90,0
DA:92,0
DA:97,1
DA:98,1
DA:103,1
DA:113,1
DA:114,0
DA:116,0
DA:120,0
DA:121,0
DA:123,0
DA:127,0
DA:128,0
DA:130,0
DA:134,0
DA:135,0
DA:137,0
DA:141,0
DA:142,0
DA:144,0
DA:145,0
DA:146,0
DA:148,0
DA:149,0
DA:153,0
DA:154,0
DA:155,0
DA:156,0
DA:161,0
DA:162,0
DA:164,0
DA:165,0
DA:166,0
DA:168,0
DA:169,0
DA:173,0
DA:174,0
DA:175,0
DA:176,0
DA:181,0
DA:182,0
DA:184,0
DA:185,0
DA:186,0
DA:188,0
DA:189,0
DA:193,0
DA:194,0
DA:195,0
DA:196,0
LF:82
LH:26
BRDA:50,1,0,0
BRDA:50,1,1,0
BRF:2
BRH:0
end_of_record
