{"/Users/macbookpro/Desktop/KanjiApp/index.js":{"path":"/Users/macbookpro/Desktop/KanjiApp/index.js","s":{"1":1,"2":1,"3":1,"4":1,"5":1,"6":1,"7":1,"8":1,"9":1,"10":1,"11":1,"12":1,"13":1,"14":1,"15":1,"16":1,"17":1,"18":1,"19":1,"20":5,"21":1,"22":4,"23":1,"24":1,"25":1,"26":1,"27":1,"28":1,"29":1,"30":1,"31":1,"32":3,"33":2,"34":1,"35":1,"36":1,"37":1,"38":1,"39":1,"40":3,"41":3,"42":3,"43":3,"44":3,"45":6,"46":6,"47":6,"48":6,"49":6,"50":6,"51":3,"52":1,"53":5,"54":5,"55":5,"56":2,"57":2,"58":3,"59":1,"60":5,"61":3,"62":3,"63":3,"64":3,"65":3,"66":3,"67":3,"68":3,"69":3,"70":1,"71":3,"72":3,"73":0,"74":0,"75":0,"76":3,"77":1,"78":1,"79":1,"80":0,"81":0,"82":0,"83":0,"84":0,"85":0,"86":1,"87":1,"88":1,"89":1,"90":1,"91":1,"92":1,"93":1,"94":1,"95":1},"b":{"1":[1,1],"2":[1,4],"3":[1,1,1,1],"4":[2,1],"5":[2,3],"6":[3,2],"7":[1,2],"8":[3,0],"9":[0,0],"10":[0,0],"11":[0,0]},"f":{"1":5,"2":1,"3":3,"4":1,"5":3,"6":5,"7":5,"8":1,"9":0},"fnMap":{"1":{"name":"isImage","line":47,"loc":{"start":{"line":47,"column":0},"end":{"line":47,"column":33}}},"2":{"name":"renderData","line":76,"loc":{"start":{"line":76,"column":0},"end":{"line":76,"column":30}}},"3":{"name":"resolvePath","line":85,"loc":{"start":{"line":85,"column":0},"end":{"line":85,"column":30}}},"4":{"name":"sendToUpload","line":94,"loc":{"start":{"line":94,"column":0},"end":{"line":94,"column":32}}},"5":{"name":"readGoogle","line":102,"loc":{"start":{"line":102,"column":0},"end":{"line":102,"column":29}}},"6":{"name":"isValidImageBody","line":131,"loc":{"start":{"line":131,"column":0},"end":{"line":131,"column":36}}},"7":{"name":"translationUpload","line":145,"loc":{"start":{"line":145,"column":0},"end":{"line":145,"column":43}}},"8":{"name":"(anonymous_8)","line":174,"loc":{"start":{"line":174,"column":13},"end":{"line":174,"column":24}}},"9":{"name":"(anonymous_9)","line":188,"loc":{"start":{"line":188,"column":8},"end":{"line":188,"column":37}}}},"statementMap":{"1":{"start":{"line":1,"column":0},"end":{"line":1,"column":35}},"2":{"start":{"line":2,"column":0},"end":{"line":2,"column":31}},"3":{"start":{"line":3,"column":0},"end":{"line":3,"column":29}},"4":{"start":{"line":4,"column":0},"end":{"line":4,"column":47}},"5":{"start":{"line":5,"column":0},"end":{"line":5,"column":39}},"6":{"start":{"line":6,"column":0},"end":{"line":6,"column":31}},"7":{"start":{"line":7,"column":0},"end":{"line":7,"column":52}},"8":{"start":{"line":8,"column":0},"end":{"line":8,"column":23}},"9":{"start":{"line":11,"column":0},"end":{"line":11,"column":20}},"10":{"start":{"line":14,"column":0},"end":{"line":14,"column":25}},"11":{"start":{"line":17,"column":0},"end":{"line":17,"column":56}},"12":{"start":{"line":18,"column":0},"end":{"line":18,"column":48}},"13":{"start":{"line":19,"column":0},"end":{"line":19,"column":30}},"14":{"start":{"line":22,"column":0},"end":{"line":22,"column":52}},"15":{"start":{"line":23,"column":0},"end":{"line":23,"column":38}},"16":{"start":{"line":26,"column":0},"end":{"line":32,"column":4}},"17":{"start":{"line":44,"column":0},"end":{"line":44,"column":18}},"18":{"start":{"line":45,"column":0},"end":{"line":45,"column":32}},"19":{"start":{"line":47,"column":0},"end":{"line":60,"column":1}},"20":{"start":{"line":48,"column":1},"end":{"line":49,"column":15}},"21":{"start":{"line":49,"column":2},"end":{"line":49,"column":15}},"22":{"start":{"line":50,"column":1},"end":{"line":59,"column":5}},"23":{"start":{"line":52,"column":2},"end":{"line":52,"column":14}},"24":{"start":{"line":54,"column":2},"end":{"line":54,"column":14}},"25":{"start":{"line":56,"column":2},"end":{"line":56,"column":14}},"26":{"start":{"line":58,"column":2},"end":{"line":58,"column":15}},"27":{"start":{"line":62,"column":0},"end":{"line":64,"column":23}},"28":{"start":{"line":67,"column":0},"end":{"line":74,"column":1}},"29":{"start":{"line":76,"column":0},"end":{"line":82,"column":1}},"30":{"start":{"line":77,"column":4},"end":{"line":81,"column":3}},"31":{"start":{"line":85,"column":0},"end":{"line":92,"column":1}},"32":{"start":{"line":86,"column":4},"end":{"line":91,"column":5}},"33":{"start":{"line":87,"column":8},"end":{"line":87,"column":37}},"34":{"start":{"line":90,"column":8},"end":{"line":90,"column":25}},"35":{"start":{"line":94,"column":0},"end":{"line":97,"column":1}},"36":{"start":{"line":95,"column":1},"end":{"line":95,"column":54}},"37":{"start":{"line":99,"column":0},"end":{"line":99,"column":25}},"38":{"start":{"line":100,"column":0},"end":{"line":100,"column":36}},"39":{"start":{"line":102,"column":0},"end":{"line":129,"column":1}},"40":{"start":{"line":103,"column":1},"end":{"line":103,"column":47}},"41":{"start":{"line":104,"column":1},"end":{"line":104,"column":58}},"42":{"start":{"line":107,"column":1},"end":{"line":107,"column":29}},"43":{"start":{"line":108,"column":1},"end":{"line":108,"column":22}},"44":{"start":{"line":111,"column":1},"end":{"line":119,"column":2}},"45":{"start":{"line":112,"column":2},"end":{"line":112,"column":54}},"46":{"start":{"line":113,"column":2},"end":{"line":113,"column":26}},"47":{"start":{"line":115,"column":2},"end":{"line":115,"column":66}},"48":{"start":{"line":116,"column":2},"end":{"line":116,"column":64}},"49":{"start":{"line":117,"column":2},"end":{"line":117,"column":45}},"50":{"start":{"line":118,"column":2},"end":{"line":118,"column":22}},"51":{"start":{"line":128,"column":1},"end":{"line":128,"column":43}},"52":{"start":{"line":131,"column":0},"end":{"line":143,"column":1}},"53":{"start":{"line":133,"column":1},"end":{"line":133,"column":82}},"54":{"start":{"line":134,"column":1},"end":{"line":134,"column":37}},"55":{"start":{"line":135,"column":1},"end":{"line":141,"column":2}},"56":{"start":{"line":136,"column":2},"end":{"line":139,"column":23}},"57":{"start":{"line":140,"column":8},"end":{"line":140,"column":21}},"58":{"start":{"line":142,"column":4},"end":{"line":142,"column":16}},"59":{"start":{"line":145,"column":0},"end":{"line":183,"column":1}},"60":{"start":{"line":146,"column":2},"end":{"line":182,"column":6}},"61":{"start":{"line":149,"column":3},"end":{"line":149,"column":17}},"62":{"start":{"line":152,"column":3},"end":{"line":152,"column":32}},"63":{"start":{"line":153,"column":3},"end":{"line":153,"column":41}},"64":{"start":{"line":154,"column":3},"end":{"line":154,"column":50}},"65":{"start":{"line":155,"column":3},"end":{"line":155,"column":35}},"66":{"start":{"line":157,"column":6},"end":{"line":157,"column":42}},"67":{"start":{"line":160,"column":3},"end":{"line":160,"column":56}},"68":{"start":{"line":162,"column":3},"end":{"line":173,"column":6}},"69":{"start":{"line":163,"column":4},"end":{"line":172,"column":5}},"70":{"start":{"line":164,"column":5},"end":{"line":171,"column":6}},"71":{"start":{"line":165,"column":6},"end":{"line":170,"column":7}},"72":{"start":{"line":166,"column":7},"end":{"line":169,"column":10}},"73":{"start":{"line":167,"column":7},"end":{"line":167,"column":26}},"74":{"start":{"line":167,"column":16},"end":{"line":167,"column":26}},"75":{"start":{"line":168,"column":7},"end":{"line":168,"column":57}},"76":{"start":{"line":174,"column":2},"end":{"line":180,"column":11}},"77":{"start":{"line":175,"column":6},"end":{"line":179,"column":5}},"78":{"start":{"line":185,"column":0},"end":{"line":185,"column":66}},"79":{"start":{"line":188,"column":0},"end":{"line":202,"column":3}},"80":{"start":{"line":189,"column":1},"end":{"line":194,"column":2}},"81":{"start":{"line":190,"column":2},"end":{"line":190,"column":43}},"82":{"start":{"line":193,"column":2},"end":{"line":193,"column":32}},"83":{"start":{"line":195,"column":1},"end":{"line":201,"column":2}},"84":{"start":{"line":196,"column":1},"end":{"line":199,"column":19}},"85":{"start":{"line":200,"column":1},"end":{"line":200,"column":14}},"86":{"start":{"line":204,"column":0},"end":{"line":204,"column":62}},"87":{"start":{"line":204,"column":23},"end":{"line":204,"column":60}},"88":{"start":{"line":206,"column":0},"end":{"line":206,"column":25}},"89":{"start":{"line":207,"column":0},"end":{"line":207,"column":31}},"90":{"start":{"line":208,"column":0},"end":{"line":208,"column":33}},"91":{"start":{"line":209,"column":0},"end":{"line":209,"column":35}},"92":{"start":{"line":210,"column":0},"end":{"line":210,"column":31}},"93":{"start":{"line":211,"column":0},"end":{"line":211,"column":45}},"94":{"start":{"line":212,"column":0},"end":{"line":212,"column":43}},"95":{"start":{"line":213,"column":0},"end":{"line":213,"column":29}}},"branchMap":{"1":{"line":23,"type":"binary-expr","locations":[{"start":{"line":23,"column":13},"end":{"line":23,"column":29}},{"start":{"line":23,"column":33},"end":{"line":23,"column":37}}]},"2":{"line":48,"type":"if","locations":[{"start":{"line":48,"column":1},"end":{"line":48,"column":1}},{"start":{"line":48,"column":1},"end":{"line":48,"column":1}}]},"3":{"line":50,"type":"switch","locations":[{"start":{"line":51,"column":1},"end":{"line":52,"column":14}},{"start":{"line":53,"column":1},"end":{"line":54,"column":14}},{"start":{"line":55,"column":1},"end":{"line":56,"column":14}},{"start":{"line":57,"column":1},"end":{"line":58,"column":15}}]},"4":{"line":86,"type":"if","locations":[{"start":{"line":86,"column":4},"end":{"line":86,"column":4}},{"start":{"line":86,"column":4},"end":{"line":86,"column":4}}]},"5":{"line":135,"type":"if","locations":[{"start":{"line":135,"column":1},"end":{"line":135,"column":1}},{"start":{"line":135,"column":1},"end":{"line":135,"column":1}}]},"6":{"line":146,"type":"if","locations":[{"start":{"line":146,"column":2},"end":{"line":146,"column":2}},{"start":{"line":146,"column":2},"end":{"line":146,"column":2}}]},"7":{"line":163,"type":"if","locations":[{"start":{"line":163,"column":4},"end":{"line":163,"column":4}},{"start":{"line":163,"column":4},"end":{"line":163,"column":4}}]},"8":{"line":165,"type":"if","locations":[{"start":{"line":165,"column":6},"end":{"line":165,"column":6}},{"start":{"line":165,"column":6},"end":{"line":165,"column":6}}]},"9":{"line":167,"type":"if","locations":[{"start":{"line":167,"column":7},"end":{"line":167,"column":7}},{"start":{"line":167,"column":7},"end":{"line":167,"column":7}}]},"10":{"line":189,"type":"if","locations":[{"start":{"line":189,"column":1},"end":{"line":189,"column":1}},{"start":{"line":189,"column":1},"end":{"line":189,"column":1}}]},"11":{"line":195,"type":"if","locations":[{"start":{"line":195,"column":1},"end":{"line":195,"column":1}},{"start":{"line":195,"column":1},"end":{"line":195,"column":1}}]}}}}